2018-08-14 11:23:10,504 - shopping - INFO - 选购商品 %s  价格是：%s
2018-08-14 11:23:11,726 - shopping - INFO - 选购商品 %s  价格是：%s
2018-08-14 11:23:12,840 - shopping - INFO - 选购商品 %s  价格是：%s
2018-08-14 11:23:15,768 - shopping - INFO - 选购商品 %s  价格是：%s
2018-08-14 11:23:16,471 - shopping - INFO - 选购商品 %s  价格是：%s
2018-08-14 11:23:20,199 - shopping - INFO - 选购商品 %s  价格是：%s
2018-08-14 11:25:02,144 - shopping - INFO - 选购商品 coffee  价格是：32
2018-08-14 11:25:03,162 - shopping - INFO - 选购商品 coffee  价格是：32
2018-08-14 11:25:04,713 - shopping - INFO - 选购商品 football  价格是：100
2018-08-14 11:25:05,960 - shopping - INFO - 选购商品 football  价格是：100
2018-08-14 11:25:44,017 - shopping - INFO - 选购商品 football  价格是：100
2018-08-14 11:25:44,820 - shopping - INFO - 选购商品 football  价格是：100
2018-08-14 11:25:46,088 - shopping - INFO - 选购商品 bicyle  价格是：1500
2018-08-14 11:25:46,855 - shopping - INFO - 选购商品 coffee  价格是：32
2018-08-14 11:29:57,891 - shopping - INFO - 选购商品 iphone6s  价格是：5800
2018-08-14 11:29:58,495 - shopping - INFO - 选购商品 iphone6s  价格是：5800
2018-08-14 11:29:59,048 - shopping - INFO - 选购商品 mac book  价格是：9000
2018-08-14 11:29:59,574 - shopping - INFO - 选购商品 mac book  价格是：9000
2018-08-14 11:30:00,142 - shopping - INFO - 选购商品 mac book  价格是：9000
2018-08-14 11:30:00,669 - shopping - INFO - 选购商品 coffee  价格是：32
2018-08-14 11:30:01,447 - shopping - INFO - 选购商品 coffee  价格是：32
2018-08-14 11:30:02,232 - shopping - INFO - 选购商品 bicyle  价格是：1500
2018-08-14 11:30:02,824 - shopping - INFO - 选购商品 football  价格是：100
2018-08-14 11:30:06,439 - shopping - INFO - 选购商品 coffee  价格是：32
2018-08-14 11:30:06,951 - shopping - INFO - 选购商品 coffee  价格是：32
2018-08-14 11:30:07,326 - shopping - INFO - 选购商品 coffee  价格是：32
2018-08-14 12:28:24,490 - shopping - INFO - 选购商品 python book  价格是：80
2018-08-14 12:28:27,748 - shopping - INFO - 选购商品 football  价格是：100
2018-08-14 12:28:28,520 - shopping - INFO - 选购商品 football  价格是：100
2018-08-14 12:28:29,407 - shopping - INFO - 选购商品 football  价格是：100
2018-08-14 12:28:30,375 - shopping - INFO - 选购商品 football  价格是：100
2018-08-14 12:28:31,280 - shopping - INFO - 选购商品 football  价格是：100
2018-08-14 12:29:19,949 - shopping - INFO - 选购商品 football  价格是：100
2018-08-14 12:29:20,553 - shopping - INFO - 选购商品 football  价格是：100
2018-08-14 12:29:21,132 - shopping - INFO - 选购商品 football  价格是：100
2018-08-14 12:29:21,841 - shopping - INFO - 选购商品 football  价格是：100
2018-08-14 12:31:08,176 - shopping - INFO - 选购商品 football  价格是：100
2018-08-14 12:31:08,747 - shopping - INFO - 选购商品 football  价格是：100
2018-08-14 12:31:09,264 - shopping - INFO - 选购商品 football  价格是：100
2018-08-14 12:31:09,824 - shopping - INFO - 选购商品 football  价格是：100
2018-08-14 12:31:52,860 - shopping - INFO - 选购商品 bicyle  价格是：1500
2018-08-14 12:31:53,457 - shopping - INFO - 选购商品 bicyle  价格是：1500
2018-08-14 12:31:56,241 - shopping - INFO - 选购商品 football  价格是：100
2018-08-14 12:31:56,795 - shopping - INFO - 选购商品 football  价格是：100
2018-08-14 12:31:57,391 - shopping - INFO - 选购商品 football  价格是：100
2018-08-14 12:33:38,000 - shopping - INFO - 选购商品 football  价格是：100
2018-08-14 12:33:38,368 - shopping - INFO - 选购商品 football  价格是：100
2018-08-14 12:33:38,735 - shopping - INFO - 选购商品 football  价格是：100
2018-08-14 12:33:39,152 - shopping - INFO - 选购商品 football  价格是：100
2018-08-14 12:34:37,375 - shopping - INFO - 选购商品 football  价格是：100
2018-08-14 12:34:37,721 - shopping - INFO - 选购商品 football  价格是：100
2018-08-14 12:34:38,046 - shopping - INFO - 选购商品 football  价格是：100
2018-08-14 12:35:19,191 - shopping - INFO - 选购商品 football  价格是：100
2018-08-14 12:35:19,608 - shopping - INFO - 选购商品 football  价格是：100
2018-08-14 12:35:20,036 - shopping - INFO - 选购商品 football  价格是：100
2018-08-14 12:35:20,456 - shopping - INFO - 选购商品 football  价格是：100
